2/16/2017 3:48:50 AM	This log contains information about the import schema operation into project 'GS.Recruitment.Db' on computer 'WINDEV1612SYS' by user 'smetaninatv'.
2/16/2017 3:48:50 AM	Import of database schema has started.
2/16/2017 3:48:53 AM	Gathering logins
2/16/2017 3:51:06 AM	Gathering database options
2/16/2017 3:51:06 AM	Gathering users
2/16/2017 3:51:06 AM	Gathering roles
2/16/2017 3:51:06 AM	Gathering application roles
2/16/2017 3:51:06 AM	Gathering role memberships
2/16/2017 3:51:06 AM	Gathering filegroups
2/16/2017 3:51:06 AM	Gathering full-text catalogs
2/16/2017 3:51:06 AM	Gathering assemblies
2/16/2017 3:51:06 AM	Gathering certificates
2/16/2017 3:51:06 AM	Gathering symmetric keys
2/16/2017 3:51:06 AM	Gathering encrypted symmetric keys
2/16/2017 3:51:06 AM	Gathering schemas
2/16/2017 3:51:06 AM	Gathering XML schema collections
2/16/2017 3:51:06 AM	Gathering user-defined data types
2/16/2017 3:51:06 AM	Gathering user-defined types
2/16/2017 3:51:06 AM	Gathering table types
2/16/2017 3:51:06 AM	Gathering unique keys for table types
2/16/2017 3:51:06 AM	Gathering primary keys for table types
2/16/2017 3:51:06 AM	Gathering indexes for table types
2/16/2017 3:51:06 AM	Gathering check constraints for table types
2/16/2017 3:51:06 AM	Gathering default constraints for table types
2/16/2017 3:51:06 AM	Gathering partition functions
2/16/2017 3:51:06 AM	Gathering partition schemes
2/16/2017 3:51:06 AM	Gathering functions
2/16/2017 3:51:06 AM	Gathering encrypted functions
2/16/2017 3:51:06 AM	Gathering aggregates
2/16/2017 3:51:06 AM	Gathering procedures
2/16/2017 3:51:06 AM	Gathering encrypted procedures
2/16/2017 3:51:06 AM	Gathering tables
2/16/2017 3:51:07 AM	Gathering primary keys
2/16/2017 3:51:07 AM	Gathering unique constraints
2/16/2017 3:51:07 AM	Gathering foreign keys
2/16/2017 3:51:07 AM	Gathering default constraints
2/16/2017 3:51:07 AM	Gathering check constraints
2/16/2017 3:51:07 AM	Gathering views
2/16/2017 3:51:07 AM	Gathering encrypted views
2/16/2017 3:51:07 AM	Gathering indexes
2/16/2017 3:51:07 AM	Gathering statistics
2/16/2017 3:51:07 AM	Gathering full-text index stoplists
2/16/2017 3:51:07 AM	Gathering search property lists
2/16/2017 3:51:07 AM	Gathering search properties
2/16/2017 3:51:07 AM	Gathering full-text indexes
2/16/2017 3:51:07 AM	Gathering column store indexes
2/16/2017 3:51:07 AM	Gathering spatial indexes
2/16/2017 3:51:07 AM	Gathering XML indexes
2/16/2017 3:51:07 AM	Gathering Selective XML indexes
2/16/2017 3:51:07 AM	Gathering encrypted triggers
2/16/2017 3:51:07 AM	Gathering triggers
2/16/2017 3:51:07 AM	Gathering encrypted and clr ddl triggers
2/16/2017 3:51:07 AM	Gathering ddl triggers
2/16/2017 3:51:07 AM	Gathering synonyms
2/16/2017 3:51:07 AM	Gathering defaults
2/16/2017 3:51:07 AM	Gathering data constraint uddt bindings
2/16/2017 3:51:07 AM	Gathering rules
2/16/2017 3:51:07 AM	Gathering data constraint uddt bindings
2/16/2017 3:51:07 AM	Gathering message types
2/16/2017 3:51:07 AM	Gathering queues
2/16/2017 3:51:07 AM	Gathering contracts
2/16/2017 3:51:07 AM	Gathering services
2/16/2017 3:51:07 AM	Gathering event notifications
2/16/2017 3:51:07 AM	Gathering remote service bindings
2/16/2017 3:51:07 AM	Gathering broker priorities
2/16/2017 3:51:07 AM	Gathering signatures
2/16/2017 3:51:07 AM	Gathering data compression options
2/16/2017 3:51:08 AM	Gathering sequence types
2/16/2017 3:51:08 AM	Gathering security policies
2/16/2017 3:51:08 AM	Gather column encryption keys
2/16/2017 3:51:08 AM	Gathering column master keys
2/16/2017 3:51:08 AM	Gathering external data sources
2/16/2017 3:51:08 AM	Gathering external tables
2/16/2017 3:51:08 AM	Gathering extended properties
2/16/2017 3:51:11 AM	Scanning project for duplicate elements
2/16/2017 3:51:11 AM	Finished duplicate element processing
2/16/2017 3:51:17 AM	Finished importing database.
2/16/2017 3:51:17 AM	A summary of the import was saved to the following location: C:\Work\GreshamSearch\GS.Recruitment\GS.Recruitment.Db\GS.Recruitment.Db\Import Schema Logs\GS.Recruitment.Db_20170216034850.log
2/16/2017 3:51:17 AM	Click Finish to continue...
